<?xml version="1.0" encoding="UTF-8"?>
<!-- Generated by org.testng.reporters.JUnitXMLReporter -->
<testsuite hostname="SYS-PC" name="Login Test" tests="9" failures="0" timestamp="26 Feb 2015 15:06:23 GMT" time="295.063" errors="0">
  <testcase name="testLogin" time="8.068" classname="test.TestLogin"/>
  <testcase name="testLogin" time="36.146" classname="test.TestLogin"/>
  <testcase name="testLogin" time="35.946" classname="test.TestLogin"/>
  <testcase name="testLogin" time="35.722" classname="test.TestLogin"/>
  <testcase name="testLogin" time="35.936" classname="test.TestLogin"/>
  <testcase name="testLogin" time="36.0" classname="test.TestLogin"/>
  <testcase name="testLogin" time="35.754" classname="test.TestLogin"/>
  <testcase name="testLogin" time="35.563" classname="test.TestLogin"/>
  <testcase name="testLogin" time="35.911" classname="test.TestLogin"/>
</testsuite> <!-- Login Test -->
